<?xml version="1.0" encoding="UTF-8" ?>
<testsuite errors="1" failures="0" hostname="owl-com" name="com.bookmanagement.test.BookManagementTest" skipped="0" tests="1" time="0.04" timestamp="2019-03-26T11:57:31">
  <properties>
[...]
</properties>
  <testcase classname="com.bookmanagement.test.BookManagementTest" name="initializationError" time="0.003">
    <error message="No runnable methods" type="java.lang.Exception">java.lang.Exception: No runnable methods
	at java.lang.reflect.Constructor.newInstance(Unknown Source)
</error>
  </testcase>
  <system-out><![CDATA[]]></system-out>
  <system-err><![CDATA[]]></system-err>
</testsuite>
